<testng-results>
  <reporter-output>
  </reporter-output>
  <suite name="Ant suite" duration-ms="44881" started-at="2011-05-05T00:59:00Z" finished-at="2011-05-05T00:59:45Z">
    <groups>
    </groups>
    <test name="Ant test" duration-ms="44881" started-at="2011-05-05T00:59:00Z" finished-at="2011-05-05T00:59:45Z">
      <class name="gov.nasa.jpl.FoobarTests">
        <test-method status="PASS" signature="setUp()" name="setUp" is-config="true" duration-ms="1" started-at="2011-05-05T00:59:42Z" finished-at="2011-05-05T00:59:42Z">
        </test-method>
        <test-method status="FAIL" signature="b()" name="b" duration-ms="2035" started-at="2011-05-05T00:59:42Z" finished-at="2011-05-05T00:59:44Z">
          <exception class="java.lang.AssertionError">
            <message>
              <![CDATA[Test <a href="https://trumpet.jpl.nasa.gov/hudson/job/FooBar/637/artifact/test/artifacts/b/">b</a> did not generate the expected output. See files: <a href="https://trumpet.jpl.nasa.gov/hudson/job/FooBar/637/artifact/test/artifacts/a.diff/*view*/">a.diff</a> for details.]]>
            </message>
            <full-stacktrace>
              <![CDATA[java.lang.AssertionError: Test <a href="https://trumpet.jpl.nasa.gov/hudson/job/FooBar/637/artifact/test/artifacts/b/">b</a> did not generate the expected output. See files: <a href="https://trumpet.jpl.nasa.gov/hudson/job/FooBar/637/artifact/test/artifacts/a.diff/*view*/">a.diff</a> for details.
	at org.testng.Assert.fail(Assert.java:89)
	at sun.reflect.NativeMethodAccessorImpl.invoke0(Native Method)
	at sun.reflect.NativeMethodAccessorImpl.invoke(NativeMethodAccessorImpl.java:39)
	at sun.reflect.DelegatingMethodAccessorImpl.invoke(DelegatingMethodAccessorImpl.java:25)
	at java.lang.reflect.Method.invoke(Method.java:597)
	at org.testng.internal.MethodInvocationHelper.invokeMethod(MethodInvocationHelper.java:74)
	at org.testng.internal.Invoker.invokeMethod(Invoker.java:673)
	at org.testng.internal.Invoker.invokeTestMethod(Invoker.java:846)
	at org.testng.internal.Invoker.invokeTestMethods(Invoker.java:1170)
	at org.testng.internal.TestMethodWorker.invokeTestMethods(TestMethodWorker.java:125)
	at org.testng.internal.TestMethodWorker.run(TestMethodWorker.java:109)
	at java.util.concurrent.ThreadPoolExecutor$Worker.runTask(ThreadPoolExecutor.java:886)
	at java.util.concurrent.ThreadPoolExecutor$Worker.run(ThreadPoolExecutor.java:908)
	at java.lang.Thread.run(Thread.java:662)
]]>
            </full-stacktrace>
          </exception>
        </test-method>
      </class>
    </test>
  </suite>
</testng-results>
